<?xml version="1.0" encoding="UTF-8"?>
<testng-results ignored="0" total="1" passed="1" failed="0" skipped="0">
  <reporter-output>
  </reporter-output>
  <suite started-at="2023-07-02T09:38:39 IST" name="Default suite" finished-at="2023-07-02T09:38:42 IST" duration-ms="3294">
    <groups>
    </groups>
    <test started-at="2023-07-02T09:38:39 IST" name="Default test" finished-at="2023-07-02T09:38:42 IST" duration-ms="3294">
      <class name="Testcases.Admin_login_testcase">
        <test-method is-config="true" signature="lanchApp()[pri:0, instance:Testcases.Admin_login_testcase@e15b7e8]" started-at="2023-07-02T09:38:13 IST" name="lanchApp" finished-at="2023-07-02T09:38:39 IST" duration-ms="25272" status="PASS">
          <reporter-output>
          </reporter-output>
        </test-method> <!-- lanchApp -->
        <test-method signature="checkAdminLogin()[pri:0, instance:Testcases.Admin_login_testcase@e15b7e8]" started-at="2023-07-02T09:38:39 IST" name="checkAdminLogin" finished-at="2023-07-02T09:38:42 IST" duration-ms="3188" status="PASS">
          <reporter-output>
          </reporter-output>
        </test-method> <!-- checkAdminLogin -->
        <test-method is-config="true" signature="closeapp()[pri:0, instance:Testcases.Admin_login_testcase@e15b7e8]" started-at="2023-07-02T09:38:42 IST" name="closeapp" finished-at="2023-07-02T09:38:44 IST" duration-ms="1548" status="PASS">
          <reporter-output>
          </reporter-output>
        </test-method> <!-- closeapp -->
      </class> <!-- Testcases.Admin_login_testcase -->
    </test> <!-- Default test -->
  </suite> <!-- Default suite -->
</testng-results>
